Jun-21 11:46:09.038 [main] DEBUG nextflow.cli.Launcher - $> nextflow main.nf --multimodal_metadata_fp /Users/timbarry/research_offsite/external/gasperini-2019/at-scale/processed/multimodal/multimodal_metadata.rds --gene_odm_fp /Users/timbarry/research_offsite/external/gasperini-2019/at-scale/processed/gene/gasp_scale_gene_expressions.odm --gRNA_odm_fp /Users/timbarry/research_offsite/external/gasperini-2019/at-scale/processed/gRNA_ungrouped/gasp_scale_gRNA_counts_ungrouped.odm --pair_fp /Users/timbarry/research_offsite/external/gasperini-2019/at-scale/processed/multimodal/pairs.rds
Jun-21 11:46:09.141 [main] INFO  nextflow.cli.CmdRun - N E X T F L O W  ~  version 22.04.3
Jun-21 11:46:09.158 [main] DEBUG nextflow.config.ConfigBuilder - Found config home: /Users/timbarry/.nextflow/config
Jun-21 11:46:09.160 [main] DEBUG nextflow.config.ConfigBuilder - Parsing config file: /Users/timbarry/.nextflow/config
Jun-21 11:46:09.181 [main] DEBUG nextflow.config.ConfigBuilder - Applying config profile: `standard`
Jun-21 11:46:09.919 [main] DEBUG nextflow.cli.CmdRun - Applied DSL=1 by probing script field
Jun-21 11:46:09.932 [main] INFO  nextflow.cli.CmdRun - Launching `main.nf` [tender_perlman] DSL1 - revision: de844b6b98
Jun-21 11:46:09.943 [main] DEBUG nextflow.plugin.PluginsFacade - Setting up plugin manager > mode=prod; plugins-dir=/Users/timbarry/.nextflow/plugins; core-plugins: nf-amazon@1.7.2,nf-azure@0.13.2,nf-console@1.0.3,nf-ga4gh@1.0.3,nf-google@1.1.4,nf-sqldb@0.4.0,nf-tower@1.4.0
Jun-21 11:46:09.944 [main] DEBUG nextflow.plugin.PluginsFacade - Plugins default=[]
Jun-21 11:46:09.953 [main] INFO  org.pf4j.DefaultPluginStatusProvider - Enabled plugins: []
Jun-21 11:46:09.954 [main] INFO  org.pf4j.DefaultPluginStatusProvider - Disabled plugins: []
Jun-21 11:46:09.957 [main] INFO  org.pf4j.DefaultPluginManager - PF4J version 3.4.1 in 'deployment' mode
Jun-21 11:46:09.964 [main] INFO  org.pf4j.AbstractPluginManager - No plugins
Jun-21 11:46:10.012 [main] DEBUG nextflow.Session - Session uuid: 36a173ca-1d13-414f-aa05-1ddb918c0869
Jun-21 11:46:10.013 [main] DEBUG nextflow.Session - Run name: tender_perlman
Jun-21 11:46:10.013 [main] DEBUG nextflow.Session - Executor pool size: 8
Jun-21 11:46:10.032 [main] DEBUG nextflow.cli.CmdRun - 
  Version: 22.04.3 build 5703
  Created: 18-05-2022 19:22 UTC (15:22 EDT)
  System: Mac OS X 10.16
  Runtime: Groovy 3.0.10 on OpenJDK 64-Bit Server VM 1.8.0_242-b08
  Encoding: UTF-8 (UTF-8)
  Process: 54846@huntsman-ve703-06105.apn.wlan.private.upenn.edu [10.103.87.238]
  CPUs: 8 - Mem: 16 GB (682.1 MB) - Swap: 1 GB (760 MB)
Jun-21 11:46:10.043 [main] DEBUG nextflow.Session - Work-dir: /Users/timbarry/research_offsite/work [Mac OS X]
Jun-21 11:46:10.056 [main] DEBUG nextflow.executor.ExecutorFactory - Extension executors providers=[]
Jun-21 11:46:10.067 [main] DEBUG nextflow.Session - Observer factory: DefaultObserverFactory
Jun-21 11:46:10.095 [main] DEBUG nextflow.cache.CacheFactory - Using Nextflow cache factory: nextflow.cache.DefaultCacheFactory
Jun-21 11:46:10.105 [main] DEBUG nextflow.util.CustomThreadPool - Creating default thread pool > poolSize: 9; maxThreads: 1000
Jun-21 11:46:10.165 [main] DEBUG nextflow.Session - Session start invoked
Jun-21 11:46:10.336 [main] DEBUG nextflow.script.ScriptRunner - > Launching execution
Jun-21 11:46:10.424 [main] DEBUG nextflow.executor.ExecutorFactory - << taskConfig executor: null
Jun-21 11:46:10.424 [main] DEBUG nextflow.executor.ExecutorFactory - >> processorType: 'local'
Jun-21 11:46:10.428 [main] DEBUG nextflow.executor.Executor - [warm up] executor > local
Jun-21 11:46:10.433 [main] DEBUG n.processor.LocalPollingMonitor - Creating local task monitor for executor 'local' > cpus=8; memory=16 GB; capacity=8; pollInterval=100ms; dumpInterval=5m
Jun-21 11:46:10.536 [main] DEBUG nextflow.Session - Workflow process names [dsl1]: check_inputs
Jun-21 11:46:10.536 [main] DEBUG nextflow.script.ScriptRunner - > Await termination 
Jun-21 11:46:10.536 [main] DEBUG nextflow.Session - Session await
Jun-21 11:46:10.668 [Task submitter] DEBUG nextflow.executor.LocalTaskHandler - Launch cmd line: /bin/bash -ue .command.run
Jun-21 11:46:10.672 [Task submitter] INFO  nextflow.Session - [94/5f363a] Submitted process > check_inputs
Jun-21 11:46:12.571 [Task monitor] DEBUG n.processor.TaskPollingMonitor - Task completed > TaskHandler[id: 1; name: check_inputs; status: COMPLETED; exit: 0; error: -; workDir: /Users/timbarry/research_offsite/work/94/5f363a39fa59fc4a240b412329d152]
Jun-21 11:46:12.578 [main] DEBUG nextflow.Session - Session await > all process finished
Jun-21 11:46:12.579 [main] DEBUG nextflow.Session - Session await > all barriers passed
Jun-21 11:46:12.587 [main] DEBUG nextflow.trace.WorkflowStatsObserver - Workflow completed > WorkflowStats[succeededCount=1; failedCount=0; ignoredCount=0; cachedCount=0; pendingCount=0; submittedCount=0; runningCount=0; retriesCount=0; abortedCount=0; succeedDuration=1.8s; failedDuration=0ms; cachedDuration=0ms;loadCpus=0; loadMemory=0; peakRunning=1; peakCpus=1; peakMemory=0; ]
Jun-21 11:46:12.675 [main] DEBUG nextflow.cache.CacheDB - Closing CacheDB done
Jun-21 11:46:12.686 [main] DEBUG nextflow.script.ScriptRunner - > Execution complete -- Goodbye
